<?xml version="1.0" encoding="UTF-8"?>
<testsuite xmlns:xsi="http://www.w3.org/2001/XMLSchema-instance" xsi:noNamespaceSchemaLocation="https://maven.apache.org/surefire/maven-surefire-plugin/xsd/surefire-test-report.xsd" name="pom.domain.CounterTest" time="1.085" tests="4" errors="0" skipped="0" failures="0">
  <properties>
[...]
</properties>
  <testcase name="decreaseTest" classname="pom.domain.CounterTest" time="0.97"/>
  <testcase name="increaseTest" classname="pom.domain.CounterTest" time="0.005"/>
  <testcase name="getCurrentCounterTest" classname="pom.domain.CounterTest" time="0.01"/>
  <testcase name="resetTest" classname="pom.domain.CounterTest" time="0.005"/>
</testsuite>